
OpenSBI v0.4 (Jul  2 2019 11:53:53)
   ____                    _____ ____ _____
  / __ \                  / ____|  _ \_   _|
 | |  | |_ __   ___ _ __ | (___ | |_) || |
 | |  | | '_ \ / _ \ '_ \ \___ \|  _ < | |
 | |__| | |_) |  __/ | | |____) | |_) || |_
  \____/| .__/ \___|_| |_|_____/|____/_____|
        | |
        |_|

Platform Name          : QEMU Virt Machine
Platform HART Features : RV64ACDFIMSU
Platform Max HARTs     : 8
Current Hart           : 0
Firmware Base          : 0x80000000
Firmware Size          : 112 KB
Runtime SBI Version    : 0.1

PMP0: 0x0000000080000000-0x000000008001ffff (A)
PMP1: 0x0000000000000000-0xffffffffffffffff (A,R,W,X)
(THU.CST) os is loading ...


Special kernel symbols:
  entry  0x000000008020000c (virtual)
  etext  0x0000000080200a72 (virtual)
  edata  0x0000000080204010 (virtual)
  end    0x0000000080204028 (virtual)
Kernel executable memory footprint: 17KB
sbi_emulate_csr_read: hartid0: invalid csr_num=0x302
Exception type:Illegal instruction 
Illegal instruction exception at 0x0000000080200048
Exception type: breakpoint 
ebreak caught at 0x000000008020004c
++ setup timer interrupts
100 ticks
100 ticks
100 ticks
100 ticks
100 ticks
100 ticks
100 ticks
100 ticks
100 ticks
100 ticks
